[18:19:04] [main/DEBUG] [FML/]: Injecting tracing printstreams for STDOUT/STDERR.
[18:19:04] [main/INFO] [FML/]: Forge Mod Loader version 12.18.3.2511 for Minecraft 1.10.2 loading
[18:19:04] [main/INFO] [FML/]: Java is Java HotSpot(TM) 64-Bit Server VM, version 1.8.0_51, running on Windows 10:amd64:10.0, installed at C:\Users\User\AppData\Roaming\.minecraft\versions\dzieñ zag³ady\runtime\jre-legacy\windows\jre-legacy
[18:19:04] [main/DEBUG] [FML/]: Java classpath at launch is C:\Users\User\AppData\Roaming\.minecraft\libraries\net\minecraftforge\forge\1.10.2-12.18.3.2511\forge-1.10.2-12.18.3.2511.jar;C:\Users\User\AppData\Roaming\.minecraft\libraries\net\minecraft\launchwrapper\1.12\launchwrapper-1.12.jar;C:\Users\User\AppData\Roaming\.minecraft\libraries\org\ow2\asm\asm-all\5.0.3\asm-all-5.0.3.jar;C:\Users\User\AppData\Roaming\.minecraft\libraries\jline\jline\2.13\jline-2.13.jar;C:\Users\User\AppData\Roaming\.minecraft\libraries\com\typesafe\akka\akka-actor_2.11\2.3.3\akka-actor_2.11-2.3.3.jar;C:\Users\User\AppData\Roaming\.minecraft\libraries\com\typesafe\config\1.2.1\config-1.2.1.jar;C:\Users\User\AppData\Roaming\.minecraft\libraries\org\scala-lang\scala-actors-migration_2.11\1.1.0\scala-actors-migration_2.11-1.1.0.jar;C:\Users\User\AppData\Roaming\.minecraft\libraries\org\scala-lang\scala-compiler\2.11.1\scala-compiler-2.11.1.jar;C:\Users\User\AppData\Roaming\.minecraft\libraries\org\scala-lang\plugins\scala-continuations-library_2.11\1.0.2\scala-continuations-library_2.11-1.0.2.jar;C:\Users\User\AppData\Roaming\.minecraft\libraries\org\scala-lang\plugins\scala-continuations-plugin_2.11.1\1.0.2\scala-continuations-plugin_2.11.1-1.0.2.jar;C:\Users\User\AppData\Roaming\.minecraft\libraries\org\scala-lang\scala-library\2.11.1\scala-library-2.11.1.jar;C:\Users\User\AppData\Roaming\.minecraft\libraries\org\scala-lang\scala-parser-combinators_2.11\1.0.1\scala-parser-combinators_2.11-1.0.1.jar;C:\Users\User\AppData\Roaming\.minecraft\libraries\org\scala-lang\scala-reflect\2.11.1\scala-reflect-2.11.1.jar;C:\Users\User\AppData\Roaming\.minecraft\libraries\org\scala-lang\scala-swing_2.11\1.0.1\scala-swing_2.11-1.0.1.jar;C:\Users\User\AppData\Roaming\.minecraft\libraries\org\scala-lang\scala-xml_2.11\1.0.2\scala-xml_2.11-1.0.2.jar;C:\Users\User\AppData\Roaming\.minecraft\libraries\lzma\lzma\0.0.1\lzma-0.0.1.jar;C:\Users\User\AppData\Roaming\.minecraft\libraries\net\sf\jopt-simple\jopt-simple\4.6\jopt-simple-4.6.jar;C:\Users\User\AppData\Roaming\.minecraft\libraries\java3d\vecmath\1.5.2\vecmath-1.5.2.jar;C:\Users\User\AppData\Roaming\.minecraft\libraries\net\sf\trove4j\trove4j\3.0.3\trove4j-3.0.3.jar;C:\Users\User\AppData\Roaming\.minecraft\libraries\com\mojang\netty\1.7.7\netty-1.7.7.jar;C:\Users\User\AppData\Roaming\.minecraft\libraries\oshi-project\oshi-core\1.1\oshi-core-1.1.jar;C:\Users\User\AppData\Roaming\.minecraft\libraries\net\java\dev\jna\jna\3.4.0\jna-3.4.0.jar;C:\Users\User\AppData\Roaming\.minecraft\libraries\net\java\dev\jna\platform\3.4.0\platform-3.4.0.jar;C:\Users\User\AppData\Roaming\.minecraft\libraries\com\ibm\icu\icu4j-core-mojang\51.2\icu4j-core-mojang-51.2.jar;C:\Users\User\AppData\Roaming\.minecraft\libraries\net\sf\jopt-simple\jopt-simple\4.6\jopt-simple-4.6.jar;C:\Users\User\AppData\Roaming\.minecraft\libraries\com\paulscode\codecjorbis\20101023\codecjorbis-20101023.jar;C:\Users\User\AppData\Roaming\.minecraft\libraries\com\paulscode\codecwav\20101023\codecwav-20101023.jar;C:\Users\User\AppData\Roaming\.minecraft\libraries\com\paulscode\libraryjavasound\20101123\libraryjavasound-20101123.jar;C:\Users\User\AppData\Roaming\.minecraft\libraries\com\paulscode\librarylwjglopenal\20100824\librarylwjglopenal-20100824.jar;C:\Users\User\AppData\Roaming\.minecraft\libraries\com\paulscode\soundsystem\20120107\soundsystem-20120107.jar;C:\Users\User\AppData\Roaming\.minecraft\libraries\io\netty\netty-all\4.0.23.Final\netty-all-4.0.23.Final.jar;C:\Users\User\AppData\Roaming\.minecraft\libraries\com\google\guava\guava\17.0\guava-17.0.jar;C:\Users\User\AppData\Roaming\.minecraft\libraries\org\apache\commons\commons-lang3\3.3.2\commons-lang3-3.3.2.jar;C:\Users\User\AppData\Roaming\.minecraft\libraries\commons-io\commons-io\2.4\commons-io-2.4.jar;C:\Users\User\AppData\Roaming\.minecraft\libraries\commons-codec\commons-codec\1.9\commons-codec-1.9.jar;C:\Users\User\AppData\Roaming\.minecraft\libraries\net\java\jinput\jinput\2.0.5\jinput-2.0.5.jar;C:\Users\User\AppData\Roaming\.minecraft\libraries\net\java\jutils\jutils\1.0.0\jutils-1.0.0.jar;C:\Users\User\AppData\Roaming\.minecraft\libraries\com\google\code\gson\gson\2.2.4\gson-2.2.4.jar;C:\Users\User\AppData\Roaming\.minecraft\libraries\org\tlauncher\authlib\1.6.22\authlib-1.6.22.jar;C:\Users\User\AppData\Roaming\.minecraft\libraries\com\mojang\realms\1.9.8\realms-1.9.8.jar;C:\Users\User\AppData\Roaming\.minecraft\libraries\org\apache\commons\commons-compress\1.8.1\commons-compress-1.8.1.jar;C:\Users\User\AppData\Roaming\.minecraft\libraries\org\apache\httpcomponents\httpclient\4.3.3\httpclient-4.3.3.jar;C:\Users\User\AppData\Roaming\.minecraft\libraries\commons-logging\commons-logging\1.1.3\commons-logging-1.1.3.jar;C:\Users\User\AppData\Roaming\.minecraft\libraries\org\apache\httpcomponents\httpcore\4.3.2\httpcore-4.3.2.jar;C:\Users\User\AppData\Roaming\.minecraft\libraries\it\unimi\dsi\fastutil\7.0.12_mojang\fastutil-7.0.12_mojang.jar;C:\Users\User\AppData\Roaming\.minecraft\libraries\org\apache\logging\log4j\log4j-api\2.0-beta9\log4j-api-2.0-beta9.jar;C:\Users\User\AppData\Roaming\.minecraft\libraries\org\apache\logging\log4j\log4j-core\2.0-beta9\log4j-core-2.0-beta9.jar;C:\Users\User\AppData\Roaming\.minecraft\libraries\org\lwjgl\lwjgl\lwjgl\2.9.4-nightly-20150209\lwjgl-2.9.4-nightly-20150209.jar;C:\Users\User\AppData\Roaming\.minecraft\libraries\org\lwjgl\lwjgl\lwjgl_util\2.9.4-nightly-20150209\lwjgl_util-2.9.4-nightly-20150209.jar;C:\Users\User\AppData\Roaming\.minecraft\versions\dzieñ zag³ady\dzieñ zag³ady.jar
[18:19:04] [main/DEBUG] [FML/]: Java library path at launch is C:\Users\User\AppData\Roaming\.minecraft\versions\dzieñ zag³ady\natives
[18:19:04] [main/DEBUG] [FML/]: Enabling runtime deobfuscation
[18:19:04] [main/DEBUG] [FML/]: Instantiating coremod class FMLCorePlugin
[18:19:04] [main/DEBUG] [FML/]: Added access transformer class net.minecraftforge.fml.common.asm.transformers.AccessTransformer to enqueued access transformers
[18:19:04] [main/DEBUG] [FML/]: Enqueued coremod FMLCorePlugin
[18:19:04] [main/DEBUG] [FML/]: Instantiating coremod class FMLForgePlugin
[18:19:04] [main/DEBUG] [FML/]: Enqueued coremod FMLForgePlugin
[18:19:04] [main/DEBUG] [FML/]: All fundamental core mods are successfully located
[18:19:04] [main/DEBUG] [FML/]: Attempting to load commandline specified mods, relative to C:\Users\User\AppData\Roaming\.minecraft\versions\dzieñ zag³ady
[18:19:04] [main/DEBUG] [FML/]: Discovering coremods
[18:19:04] [main/DEBUG] [FML/]: Examining for coremod candidacy crackedzombiemod-1.10.2-3.5.2-75.jar
[18:19:04] [main/DEBUG] [FML/]: Not found coremod data in crackedzombiemod-1.10.2-3.5.2-75.jar
[18:19:04] [main/DEBUG] [FML/]: Examining for coremod candidacy CustomNPCs_1.10.2(25may17).jar
[18:19:05] [main/DEBUG] [FML/]: Not found coremod data in CustomNPCs_1.10.2(25may17).jar
[18:19:05] [main/DEBUG] [FML/]: Examining for coremod candidacy tlskincape1.10.2-1.4.jar
[18:19:05] [main/TRACE] [FML/]: Found FMLCorePluginContainsFMLMod marker in tlskincape1.10.2-1.4.jar, it will be examined later for regular @Mod instances
[18:19:05] [main/DEBUG] [FML/]: Instantiating coremod class TLSkinCapeHookLoader
[18:19:05] [main/DEBUG] [FML/]: The coremod org.tlauncher.skin.cape.asm.TLSkinCapeHookLoader requested minecraft version 1.10.2 and minecraft is 1.10.2. It will be loaded.
[18:19:05] [main/DEBUG] [FML/]: Enqueued coremod TLSkinCapeHookLoader
[18:19:05] [main/INFO] [LaunchWrapper/]: Loading tweak class name net.minecraftforge.fml.common.launcher.FMLInjectionAndSortingTweaker
[18:19:05] [main/INFO] [LaunchWrapper/]: Loading tweak class name net.minecraftforge.fml.common.launcher.FMLDeobfTweaker
[18:19:05] [main/INFO] [LaunchWrapper/]: Calling tweak class net.minecraftforge.fml.common.launcher.FMLInjectionAndSortingTweaker
[18:19:05] [main/INFO] [LaunchWrapper/]: Calling tweak class net.minecraftforge.fml.common.launcher.FMLInjectionAndSortingTweaker
[18:19:05] [main/INFO] [LaunchWrapper/]: Calling tweak class net.minecraftforge.fml.relauncher.CoreModManager$FMLPluginWrapper
[18:19:05] [main/DEBUG] [FML/]: Injecting coremod FMLCorePlugin {net.minecraftforge.fml.relauncher.FMLCorePlugin} class transformers
[18:19:05] [main/TRACE] [FML/]: Registering transformer net.minecraftforge.fml.common.asm.transformers.BlamingTransformer
[18:19:05] [main/TRACE] [FML/]: Registering transformer net.minecraftforge.fml.common.asm.transformers.SideTransformer
[18:19:05] [main/TRACE] [FML/]: Registering transformer net.minecraftforge.fml.common.asm.transformers.EventSubscriptionTransformer
[18:19:05] [main/TRACE] [FML/]: Registering transformer net.minecraftforge.fml.common.asm.transformers.EventSubscriberTransformer
[18:19:05] [main/DEBUG] [FML/]: Injection complete
[18:19:05] [main/DEBUG] [FML/]: Running coremod plugin for FMLCorePlugin {net.minecraftforge.fml.relauncher.FMLCorePlugin}
[18:19:05] [main/DEBUG] [FML/]: Running coremod plugin FMLCorePlugin
[18:19:06] [main/DEBUG] [FML/]: Read 915 binary patches
[18:19:06] [main/DEBUG] [FML/]: Loading deobfuscation resource /deobfuscation_data-1.10.2.lzma with 32371 records
[18:19:08] [main/INFO] [FML/]: Found valid fingerprint for Minecraft Forge. Certificate fingerprint e3c3d50c7c986df74c645c0ac54639741c90a557
[18:19:09] [main/INFO] [FML/]: Found valid fingerprint for Minecraft. Certificate fingerprint cd99959656f753dc28d863b46769f7f8fbaefcfc
[18:19:09] [main/DEBUG] [FML/]: Coremod plugin class FMLCorePlugin run successfully
[18:19:09] [main/INFO] [LaunchWrapper/]: Calling tweak class net.minecraftforge.fml.relauncher.CoreModManager$FMLPluginWrapper
[18:19:09] [main/DEBUG] [FML/]: Injecting coremod FMLForgePlugin {net.minecraftforge.classloading.FMLForgePlugin} class transformers
[18:19:09] [main/DEBUG] [FML/]: Injection complete
[18:19:09] [main/DEBUG] [FML/]: Running coremod plugin for FMLForgePlugin {net.minecraftforge.classloading.FMLForgePlugin}
[18:19:09] [main/DEBUG] [FML/]: Running coremod plugin FMLForgePlugin
[18:19:09] [main/DEBUG] [FML/]: Coremod plugin class FMLForgePlugin run successfully
[18:19:09] [main/INFO] [LaunchWrapper/]: Calling tweak class net.minecraftforge.fml.relauncher.CoreModManager$FMLPluginWrapper
[18:19:09] [main/DEBUG] [FML/]: Injecting coremod TLSkinCapeHookLoader {org.tlauncher.skin.cape.asm.TLSkinCapeHookLoader} class transformers
[18:19:09] [main/TRACE] [FML/]: Registering transformer gloomyfolken.hooklib.minecraft.PrimaryClassTransformer
[18:19:09] [main/INFO] [STDOUT/]: [gloomyfolken.hooklib.asm.HookLogger$SystemOutLogger:debug:20]: [DEBUG] Parsing hooks container gloomyfolken.hooklib.minecraft.SecondaryTransformerHook
[18:19:09] [main/INFO] [FML/]: [HOOKLIB]  Obfuscated: true
[18:19:09] [main/DEBUG] [FML/]: Injection complete
[18:19:09] [main/DEBUG] [FML/]: Running coremod plugin for TLSkinCapeHookLoader {org.tlauncher.skin.cape.asm.TLSkinCapeHookLoader}
[18:19:09] [main/DEBUG] [FML/]: Running coremod plugin TLSkinCapeHookLoader
[18:19:09] [main/INFO] [STDOUT/]: [gloomyfolken.hooklib.asm.HookLogger$SystemOutLogger:debug:20]: [DEBUG] Parsing hooks container org.tlauncher.skin.cape.asm.TLSkinCapeHooks
[18:19:09] [main/DEBUG] [FML/]: Coremod plugin class TLSkinCapeHookLoader run successfully
[18:19:09] [main/INFO] [LaunchWrapper/]: Calling tweak class net.minecraftforge.fml.common.launcher.FMLDeobfTweaker
[18:19:09] [main/DEBUG] [FML/]: Loaded 195 rules from AccessTransformer config file forge_at.cfg
[18:19:09] [main/DEBUG] [FML/]: Loaded 3 rules from AccessTransformer mod jar file C:\Users\User\AppData\Roaming\.minecraft\versions\dzieñ zag³ady\mods\CustomNPCs_1.10.2(25may17).jar!META-INF/cnpcs_at.cfg

[18:19:09] [main/DEBUG] [FML/]: Validating minecraft
[18:19:09] [main/INFO] [STDOUT/]: [gloomyfolken.hooklib.asm.HookLogger$SystemOutLogger:debug:20]: [DEBUG] Injecting hooks into class net.minecraftforge.fml.common.Loader
[18:19:09] [main/INFO] [STDOUT/]: [gloomyfolken.hooklib.asm.HookLogger$SystemOutLogger:debug:20]: [DEBUG] Patching method net.minecraftforge.fml.common.Loader#injectData([Ljava/lang/Object;)
[18:19:09] [main/INFO] [STDOUT/]: [gloomyfolken.hooklib.asm.HookLogger$SystemOutLogger:debug:20]: [DEBUG] Methods dictionary loaded in 10 ms
[18:19:10] [main/DEBUG] [FML/]: Minecraft validated, launching...
[18:19:10] [main/INFO] [LaunchWrapper/]: Loading tweak class name net.minecraftforge.fml.common.launcher.TerminalTweaker
[18:19:10] [main/INFO] [LaunchWrapper/]: Calling tweak class net.minecraftforge.fml.common.launcher.TerminalTweaker
[18:19:10] [main/INFO] [LaunchWrapper/]: Launching wrapped minecraft {net.minecraft.client.main.Main}
[18:19:11] [main/INFO] [STDOUT/]: [gloomyfolken.hooklib.asm.HookLogger$SystemOutLogger:debug:20]: [DEBUG] Injecting hooks into class net.minecraft.entity.player.EntityPlayer
[18:19:11] [main/INFO] [STDOUT/]: [gloomyfolken.hooklib.asm.HookLogger$SystemOutLogger:debug:20]: [DEBUG] Patching method net.minecraft.entity.player.EntityPlayer#isWearing(Lnet/minecraft/entity/player/EnumPlayerModelParts;)
[18:19:11] [main/INFO] [STDOUT/]: [gloomyfolken.hooklib.asm.HookLogger$SystemOutLogger:debug:20]: [DEBUG] Injecting hooks into class net.minecraft.client.entity.AbstractClientPlayer
[18:19:11] [main/INFO] [STDOUT/]: [gloomyfolken.hooklib.asm.HookLogger$SystemOutLogger:debug:20]: [DEBUG] Patching method net.minecraft.client.entity.AbstractClientPlayer#getLocationSkin()Lnet/minecraft/util/ResourceLocation;
[18:19:11] [main/INFO] [STDOUT/]: [gloomyfolken.hooklib.asm.HookLogger$SystemOutLogger:debug:20]: [DEBUG] Patching method net.minecraft.client.entity.AbstractClientPlayer#getLocationCape()Lnet/minecraft/util/ResourceLocation;
[18:19:12] [main/INFO] [STDOUT/]: [gloomyfolken.hooklib.asm.HookLogger$SystemOutLogger:debug:20]: [DEBUG] Patching method net.minecraft.client.entity.AbstractClientPlayer#getSkinType()
