[11:44:20] [Client thread/INFO]: Setting user: umysmine
[11:44:27] [Client thread/INFO]: LWJGL Version: 2.9.4
[11:44:41] [Client thread/INFO]: Reloading ResourceManager: Default, FMLFileResourcePack:Forge Mod Loader, FMLFileResourcePack:Minecraft Forge, FMLFileResourcePack:TLSkinCape
[11:45:25] [Sound Library Loader/INFO]: Starting up SoundSystem...
[11:45:25] [Thread-7/INFO]: Initializing LWJGL OpenAL
[11:45:25] [Thread-7/INFO]: (The LWJGL binding of OpenAL.  For more information, see http://www.lwjgl.org)
[11:45:26] [Thread-7/INFO]: OpenAL initialized.
[11:45:26] [Sound Library Loader/INFO]: Sound engine started
[11:45:29] [Client thread/INFO]: Created: 16x16 textures-atlas
[11:45:31] [Client thread/INFO]: Reloading ResourceManager: Default, FMLFileResourcePack:Forge Mod Loader, FMLFileResourcePack:Minecraft Forge, FMLFileResourcePack:TLSkinCape
[11:45:32] [Client thread/INFO]: SoundSystem shutting down...
[11:45:33] [Client thread/WARN]: Author: Paul Lamb, www.paulscode.com
[11:45:33] [Sound Library Loader/INFO]: Starting up SoundSystem...
[11:45:33] [Thread-9/INFO]: Initializing LWJGL OpenAL
[11:45:33] [Thread-9/INFO]: (The LWJGL binding of OpenAL.  For more information, see http://www.lwjgl.org)
[11:45:33] [Thread-9/INFO]: OpenAL initialized.
[11:45:33] [Sound Library Loader/INFO]: Sound engine started
[11:45:36] [Client thread/INFO]: Created: 512x512 textures-atlas
[11:45:43] [Realms Notification Availability checker #1/INFO]: Could not authorize you against Realms server: Invalid session id
[11:45:45] [Client thread/INFO]: Stopping!
[11:45:45] [Client thread/INFO]: SoundSystem shutting down...
[11:45:45] [Client thread/WARN]: Author: Paul Lamb, www.paulscode.com
